[debug] [2024-07-05T12:09:36.929Z] ----------------------------------------------------------------------
[debug] [2024-07-05T12:09:36.931Z] Command:       C:\Program Files\nodejs\node.exe C:\Users\khaled.maati\AppData\Roaming\npm\node_modules\firebase-tools\lib\bin\firebase.js init
[debug] [2024-07-05T12:09:36.932Z] CLI Version:   13.13.0
[debug] [2024-07-05T12:09:36.932Z] Platform:      win32
[debug] [2024-07-05T12:09:36.932Z] Node Version:  v22.3.0
[debug] [2024-07-05T12:09:36.932Z] Time:          Fri Jul 05 2024 14:09:36 GMT+0200 (Mitteleuropäische Sommerzeit)
[debug] [2024-07-05T12:09:36.932Z] ----------------------------------------------------------------------
[debug] 
[debug] [2024-07-05T12:09:36.935Z] >>> [apiv2][query] GET https://firebase-public.firebaseio.com/cli.json [none]
[debug] [2024-07-05T12:09:36.993Z] > command requires scopes: ["email","openid","https://www.googleapis.com/auth/cloudplatformprojects.readonly","https://www.googleapis.com/auth/firebase","https://www.googleapis.com/auth/cloud-platform"]
[debug] [2024-07-05T12:09:36.993Z] > authorizing via signed-in user (khaled.a.marzouk@gmail.com)
[info] 
     ######## #### ########  ######## ########     ###     ######  ########
     ##        ##  ##     ## ##       ##     ##  ##   ##  ##       ##
     ######    ##  ########  ######   ########  #########  ######  ######
     ##        ##  ##    ##  ##       ##     ## ##     ##       ## ##
     ##       #### ##     ## ######## ########  ##     ##  ######  ########

You're about to initialize a Firebase project in this directory:

  C:\Users\khaled.maati\wop-webform

[debug] [2024-07-05T12:09:37.275Z] <<< [apiv2][status] GET https://firebase-public.firebaseio.com/cli.json 200
[debug] [2024-07-05T12:09:37.275Z] <<< [apiv2][body] GET https://firebase-public.firebaseio.com/cli.json {"cloudBuildErrorAfter":1594252800000,"cloudBuildWarnAfter":1590019200000,"defaultNode10After":1594252800000,"minVersion":"3.0.5","node8DeploysDisabledAfter":1613390400000,"node8RuntimeDisabledAfter":1615809600000,"node8WarnAfter":1600128000000}
